<?xml version="1.0" encoding="UTF-8"?>
<!-- Generated by org.testng.reporters.JUnitReportReporter -->
<testsuite hostname="Gurpreets-MacBook.local" failures="0" tests="1" name="mavenhw.Googletest" time="5.249" errors="0" timestamp="08 Dec 2018 20:07:48 GMT" skipped="0">
  <testcase classname="mavenhw.Googletest" name="findTitle" time="5.249"/>
</testsuite> <!-- mavenhw.Googletest -->
