<?xml version="1.0" encoding="UTF-8"?>
<!-- Generated by org.testng.reporters.JUnitReportReporter -->
<testsuite hostname="Gurpreets-MacBook.local" failures="0" tests="1" name="mavenhw.Googletest" time="4.646" errors="0" timestamp="08 Dec 2018 18:10:44 GMT" skipped="0">
  <testcase classname="mavenhw.Googletest" name="findTitle" time="4.646"/>
</testsuite> <!-- mavenhw.Googletest -->
